2014/01/22 18:03:08 [error] [exception.CDbException] exception 'CDbException' with message 'CDbConnection failed to open the DB connection: SQLSTATE[28000] [1045] Access denied for user 'root'@'localhost' (using password: NO)' in /home/across/proj/avto/www/yii/framework/db/CDbConnection.php:382
Stack trace:
#0 /home/across/proj/avto/www/yii/framework/db/CDbConnection.php(330): CDbConnection->open()
#1 /home/across/proj/avto/www/yii/framework/db/CDbConnection.php(308): CDbConnection->setActive(true)
#2 /home/across/proj/avto/www/yii/framework/base/CModule.php(387): CDbConnection->init()
#3 /home/across/proj/avto/www/yii/framework/base/CModule.php(103): CModule->getComponent('db')
#4 /home/across/proj/avto/www/yii/framework/gii/generators/model/ModelCode.php(60): CModule->__get('db')
#5 /home/across/proj/avto/www/yii/framework/web/CFormModel.php(39): ModelCode->init()
#6 /home/across/proj/avto/www/yii/framework/gii/CCodeGenerator.php(153): CFormModel->__construct()
#7 /home/across/proj/avto/www/yii/framework/gii/CCodeGenerator.php(63): CCodeGenerator->prepare()
#8 /home/across/proj/avto/www/yii/framework/web/actions/CInlineAction.php(49): CCodeGenerator->actionIndex()
#9 /home/across/proj/avto/www/yii/framework/web/CController.php(308): CInlineAction->runWithParams(Array)
#10 /home/across/proj/avto/www/yii/framework/web/CController.php(286): CController->runAction(Object(CInlineAction))
#11 /home/across/proj/avto/www/yii/framework/web/CController.php(265): CController->runActionWithFilters(Object(CInlineAction), Array)
#12 /home/across/proj/avto/www/yii/framework/web/CWebApplication.php(282): CController->run('index')
#13 /home/across/proj/avto/www/yii/framework/web/CWebApplication.php(141): CWebApplication->runController('gii/model/index')
#14 /home/across/proj/avto/www/yii/framework/base/CApplication.php(180): CWebApplication->processRequest()
#15 /home/across/proj/avto/www/yii/index.php(13): CApplication->run()
#16 {main}
REQUEST_URI=/index.php/gii/model/index
HTTP_REFERER=http://avto/index.php/gii
---
2014/01/22 18:20:07 [error] [system.db.CDbCommand] Не удалось выполнить CDbCommand::fetchAll(): SQLSTATE[42S02]: Base table or view not found: 1146 Table 'system.clients' doesn't exist. Выполнявшийся SQL-запрос: SHOW FULL COLUMNS FROM `clients`.
in /home/across/proj/avto/www/yii/index.php (13)
2014/01/22 18:20:07 [error] [exception.CDbException] exception 'CDbException' with message 'Таблица "clients", упомянутая в записи active record класса "Clients", не найдена в базе данных.' in /home/across/proj/avto/www/yii/framework/db/ar/CActiveRecord.php:2362
Stack trace:
#0 /home/across/proj/avto/www/yii/framework/db/ar/CActiveRecord.php(411): CActiveRecordMetaData->__construct(Object(Clients))
#1 /home/across/proj/avto/www/yii/framework/db/ar/CActiveRecord.php(138): CActiveRecord->getMetaData()
#2 /home/across/proj/avto/www/yii/framework/gii/generators/crud/CrudCode.php(66): CActiveRecord->__get('tableSchema')
#3 /home/across/proj/avto/www/yii/framework/validators/CInlineValidator.php(42): CrudCode->validateModel('model', Array)
#4 /home/across/proj/avto/www/yii/framework/validators/CValidator.php(213): CInlineValidator->validateAttribute(Object(CrudCode), 'model')
#5 /home/across/proj/avto/www/yii/framework/base/CModel.php(159): CValidator->validate(Object(CrudCode), NULL)
#6 /home/across/proj/avto/www/yii/framework/gii/CCodeGenerator.php(159): CModel->validate()
#7 /home/across/proj/avto/www/yii/framework/gii/CCodeGenerator.php(63): CCodeGenerator->prepare()
#8 /home/across/proj/avto/www/yii/framework/web/actions/CInlineAction.php(49): CCodeGenerator->actionIndex()
#9 /home/across/proj/avto/www/yii/framework/web/CController.php(308): CInlineAction->runWithParams(Array)
#10 /home/across/proj/avto/www/yii/framework/web/CController.php(286): CController->runAction(Object(CInlineAction))
#11 /home/across/proj/avto/www/yii/framework/web/CController.php(265): CController->runActionWithFilters(Object(CInlineAction), Array)
#12 /home/across/proj/avto/www/yii/framework/web/CWebApplication.php(282): CController->run('index')
#13 /home/across/proj/avto/www/yii/framework/web/CWebApplication.php(141): CWebApplication->runController('gii/crud/index')
#14 /home/across/proj/avto/www/yii/framework/base/CApplication.php(180): CWebApplication->processRequest()
#15 /home/across/proj/avto/www/yii/index.php(13): CApplication->run()
#16 {main}
REQUEST_URI=/index.php/gii/crud/index
HTTP_REFERER=http://avto/index.php/gii/crud/index
---
2014/01/23 12:29:19 [error] [exception.CHttpException.404] exception 'CHttpException' with message 'Системе не удалось найти запрашиваемое действие "fhfh".' in /home/across/proj/avto/www/yii/framework/web/CController.php:483
Stack trace:
#0 /home/across/proj/avto/www/yii/framework/web/CController.php(270): CController->missingAction('fhfh')
#1 /home/across/proj/avto/www/yii/framework/web/CWebApplication.php(282): CController->run('fhfh')
#2 /home/across/proj/avto/www/yii/framework/web/CWebApplication.php(141): CWebApplication->runController('clients/fhfh')
#3 /home/across/proj/avto/www/yii/framework/base/CApplication.php(180): CWebApplication->processRequest()
#4 /home/across/proj/avto/www/yii/index.php(13): CApplication->run()
#5 {main}
REQUEST_URI=/index.php/clients/fhfh
---
2014/01/23 13:11:09 [error] [php] Trying to get property of non-object (/home/across/proj/avto/www/yii/protected/controllers/ClientsController.php:138)
Stack trace:
#0 /home/across/proj/avto/www/yii/framework/web/filters/CFilterChain.php(133): ClientsController->runAction()
#1 /home/across/proj/avto/www/yii/framework/web/filters/CFilter.php(40): CFilterChain->run()
#2 /home/across/proj/avto/www/yii/framework/web/CController.php(1145): CAccessControlFilter->filter()
#3 /home/across/proj/avto/www/yii/framework/web/filters/CInlineFilter.php(58): ClientsController->filterAccessControl()
#4 /home/across/proj/avto/www/yii/framework/web/filters/CFilterChain.php(130): CInlineFilter->filter()
#5 /home/across/proj/avto/www/yii/framework/web/CController.php(291): CFilterChain->run()
#6 /home/across/proj/avto/www/yii/framework/web/CController.php(265): ClientsController->runActionWithFilters()
#7 /home/across/proj/avto/www/yii/framework/web/CWebApplication.php(282): ClientsController->run()
#8 /home/across/proj/avto/www/yii/framework/web/CWebApplication.php(141): CWebApplication->runController()
#9 /home/across/proj/avto/www/yii/framework/base/CApplication.php(180): CWebApplication->processRequest()
#10 /home/across/proj/avto/www/yii/index.php(13): CWebApplication->run()
REQUEST_URI=/index.php/clients/admin
in /home/across/proj/avto/www/yii/protected/controllers/ClientsController.php (138)
in /home/across/proj/avto/www/yii/index.php (13)
2014/01/23 13:26:29 [error] [exception.CException] exception 'CException' with message 'Не определено свойство "Clients.fist_name".' in /home/across/proj/avto/www/yii/framework/base/CComponent.php:130
Stack trace:
#0 /home/across/proj/avto/www/yii/framework/db/ar/CActiveRecord.php(145): CComponent->__get('fist_name')
#1 /home/across/proj/avto/www/yii/protected/controllers/ClientsController.php(143): CActiveRecord->__get('fist_name')
#2 /home/across/proj/avto/www/yii/framework/web/actions/CInlineAction.php(49): ClientsController->actionAdmin()
#3 /home/across/proj/avto/www/yii/framework/web/CController.php(308): CInlineAction->runWithParams(Array)
#4 /home/across/proj/avto/www/yii/framework/web/filters/CFilterChain.php(133): CController->runAction(Object(CInlineAction))
#5 /home/across/proj/avto/www/yii/framework/web/filters/CFilter.php(40): CFilterChain->run()
#6 /home/across/proj/avto/www/yii/framework/web/CController.php(1145): CFilter->filter(Object(CFilterChain))
#7 /home/across/proj/avto/www/yii/framework/web/filters/CInlineFilter.php(58): CController->filterAccessControl(Object(CFilterChain))
#8 /home/across/proj/avto/www/yii/framework/web/filters/CFilterChain.php(130): CInlineFilter->filter(Object(CFilterChain))
#9 /home/across/proj/avto/www/yii/framework/web/CController.php(291): CFilterChain->run()
#10 /home/across/proj/avto/www/yii/framework/web/CController.php(265): CController->runActionWithFilters(Object(CInlineAction), Array)
#11 /home/across/proj/avto/www/yii/framework/web/CWebApplication.php(282): CController->run('admin')
#12 /home/across/proj/avto/www/yii/framework/web/CWebApplication.php(141): CWebApplication->runController('clients/admin')
#13 /home/across/proj/avto/www/yii/framework/base/CApplication.php(180): CWebApplication->processRequest()
#14 /home/across/proj/avto/www/yii/index.php(13): CApplication->run()
#15 {main}
REQUEST_URI=/index.php/clients/admin
HTTP_REFERER=http://avto/index.php/clients/update/1
---
2014/01/23 13:26:32 [error] [exception.CException] exception 'CException' with message 'Не определено свойство "Clients.fist_name".' in /home/across/proj/avto/www/yii/framework/base/CComponent.php:130
Stack trace:
#0 /home/across/proj/avto/www/yii/framework/db/ar/CActiveRecord.php(145): CComponent->__get('fist_name')
#1 /home/across/proj/avto/www/yii/protected/controllers/ClientsController.php(143): CActiveRecord->__get('fist_name')
#2 /home/across/proj/avto/www/yii/framework/web/actions/CInlineAction.php(49): ClientsController->actionAdmin()
#3 /home/across/proj/avto/www/yii/framework/web/CController.php(308): CInlineAction->runWithParams(Array)
#4 /home/across/proj/avto/www/yii/framework/web/filters/CFilterChain.php(133): CController->runAction(Object(CInlineAction))
#5 /home/across/proj/avto/www/yii/framework/web/filters/CFilter.php(40): CFilterChain->run()
#6 /home/across/proj/avto/www/yii/framework/web/CController.php(1145): CFilter->filter(Object(CFilterChain))
#7 /home/across/proj/avto/www/yii/framework/web/filters/CInlineFilter.php(58): CController->filterAccessControl(Object(CFilterChain))
#8 /home/across/proj/avto/www/yii/framework/web/filters/CFilterChain.php(130): CInlineFilter->filter(Object(CFilterChain))
#9 /home/across/proj/avto/www/yii/framework/web/CController.php(291): CFilterChain->run()
#10 /home/across/proj/avto/www/yii/framework/web/CController.php(265): CController->runActionWithFilters(Object(CInlineAction), Array)
#11 /home/across/proj/avto/www/yii/framework/web/CWebApplication.php(282): CController->run('admin')
#12 /home/across/proj/avto/www/yii/framework/web/CWebApplication.php(141): CWebApplication->runController('clients/admin')
#13 /home/across/proj/avto/www/yii/framework/base/CApplication.php(180): CWebApplication->processRequest()
#14 /home/across/proj/avto/www/yii/index.php(13): CApplication->run()
#15 {main}
REQUEST_URI=/index.php/clients/admin
HTTP_REFERER=http://avto/index.php/clients/update/1
---
2014/01/23 14:53:59 [error] [php] include(Site.php): failed to open stream: No such file or directory (/home/across/proj/avto/www/yii/framework/YiiBase.php:427)
Stack trace:
#0 /home/across/proj/avto/www/yii/protected/controllers/ClientsController.php(178): spl_autoload_call()
#1 /home/across/proj/avto/www/yii/framework/web/CWebApplication.php(354): require()
#2 /home/across/proj/avto/www/yii/framework/web/CWebApplication.php(276): CWebApplication->createController()
#3 /home/across/proj/avto/www/yii/framework/web/CWebApplication.php(141): CWebApplication->runController()
#4 /home/across/proj/avto/www/yii/framework/base/CApplication.php(180): CWebApplication->processRequest()
#5 /home/across/proj/avto/www/yii/index.php(13): CWebApplication->run()
REQUEST_URI=/index.php/clients
in /home/across/proj/avto/www/yii/protected/controllers/ClientsController.php (178)
in /home/across/proj/avto/www/yii/index.php (13)
2014/01/23 14:55:10 [error] [php] include(Site.php): failed to open stream: No such file or directory (/home/across/proj/avto/www/yii/framework/YiiBase.php:427)
Stack trace:
#0 /home/across/proj/avto/www/yii/protected/views/clients/admin.php(64): spl_autoload_call()
#1 /home/across/proj/avto/www/yii/framework/web/CBaseController.php(126): require()
#2 /home/across/proj/avto/www/yii/framework/web/CBaseController.php(95): ClientsController->renderInternal()
#3 /home/across/proj/avto/www/yii/framework/web/CController.php(869): ClientsController->renderFile()
#4 /home/across/proj/avto/www/yii/framework/web/CController.php(782): ClientsController->renderPartial()
#5 /home/across/proj/avto/www/yii/protected/controllers/ClientsController.php(143): ClientsController->render()
#6 /home/across/proj/avto/www/yii/framework/web/actions/CInlineAction.php(49): ClientsController->actionAdmin()
#7 /home/across/proj/avto/www/yii/framework/web/CController.php(308): CInlineAction->runWithParams()
#8 /home/across/proj/avto/www/yii/framework/web/filters/CFilterChain.php(133): ClientsController->runAction()
#9 /home/across/proj/avto/www/yii/framework/web/filters/CFilter.php(40): CFilterChain->run()
#10 /home/across/proj/avto/www/yii/framework/web/CController.php(1145): CAccessControlFilter->filter()
#11 /home/across/proj/avto/www/yii/framework/web/filters/CInlineFilter.php(58): ClientsController->filterAccessControl()
#12 /home/across/proj/avto/www/yii/framework/web/filters/CFilterChain.php(130): CInlineFilter->filter()
#13 /home/across/proj/avto/www/yii/framework/web/CController.php(291): CFilterChain->run()
#14 /home/across/proj/avto/www/yii/framework/web/CController.php(265): ClientsController->runActionWithFilters()
#15 /home/across/proj/avto/www/yii/framework/web/CWebApplication.php(282): ClientsController->run()
#16 /home/across/proj/avto/www/yii/framework/web/CWebApplication.php(141): CWebApplication->runController()
#17 /home/across/proj/avto/www/yii/framework/base/CApplication.php(180): CWebApplication->processRequest()
#18 /home/across/proj/avto/www/yii/index.php(13): CWebApplication->run()
REQUEST_URI=/index.php/clients/admin
in /home/across/proj/avto/www/yii/protected/views/clients/admin.php (64)
in /home/across/proj/avto/www/yii/protected/controllers/ClientsController.php (143)
in /home/across/proj/avto/www/yii/index.php (13)
2014/01/23 15:04:49 [error] [exception.CException] exception 'CException' with message 'Свойство "dataProvider" не может быть пустым.' in /home/across/proj/avto/www/yii/framework/zii/widgets/CBaseListView.php:109
Stack trace:
#0 /home/across/proj/avto/www/yii/framework/zii/widgets/grid/CGridView.php(339): CBaseListView->init()
#1 /home/across/proj/avto/www/yii/framework/web/CBaseController.php(147): CGridView->init()
#2 /home/across/proj/avto/www/yii/framework/web/CBaseController.php(172): CBaseController->createWidget('zii.widgets.gri...', Array)
#3 /home/across/proj/avto/www/yii/protected/views/clients/admin.php(59): CBaseController->widget('zii.widgets.gri...', Array)
#4 /home/across/proj/avto/www/yii/framework/web/CBaseController.php(126): require('/home/across/pr...')
#5 /home/across/proj/avto/www/yii/framework/web/CBaseController.php(95): CBaseController->renderInternal('/home/across/pr...', Array, true)
#6 /home/across/proj/avto/www/yii/framework/web/CController.php(869): CBaseController->renderFile('/home/across/pr...', Array, true)
#7 /home/across/proj/avto/www/yii/framework/web/CController.php(782): CController->renderPartial('admin', Array, true)
#8 /home/across/proj/avto/www/yii/protected/controllers/ClientsController.php(143): CController->render('admin', Array)
#9 /home/across/proj/avto/www/yii/framework/web/actions/CInlineAction.php(49): ClientsController->actionAdmin()
#10 /home/across/proj/avto/www/yii/framework/web/CController.php(308): CInlineAction->runWithParams(Array)
#11 /home/across/proj/avto/www/yii/framework/web/filters/CFilterChain.php(133): CController->runAction(Object(CInlineAction))
#12 /home/across/proj/avto/www/yii/framework/web/filters/CFilter.php(40): CFilterChain->run()
#13 /home/across/proj/avto/www/yii/framework/web/CController.php(1145): CFilter->filter(Object(CFilterChain))
#14 /home/across/proj/avto/www/yii/framework/web/filters/CInlineFilter.php(58): CController->filterAccessControl(Object(CFilterChain))
#15 /home/across/proj/avto/www/yii/framework/web/filters/CFilterChain.php(130): CInlineFilter->filter(Object(CFilterChain))
#16 /home/across/proj/avto/www/yii/framework/web/CController.php(291): CFilterChain->run()
#17 /home/across/proj/avto/www/yii/framework/web/CController.php(265): CController->runActionWithFilters(Object(CInlineAction), Array)
#18 /home/across/proj/avto/www/yii/framework/web/CWebApplication.php(282): CController->run('admin')
#19 /home/across/proj/avto/www/yii/framework/web/CWebApplication.php(141): CWebApplication->runController('clients/admin')
#20 /home/across/proj/avto/www/yii/framework/base/CApplication.php(180): CWebApplication->processRequest()
#21 /home/across/proj/avto/www/yii/index.php(13): CApplication->run()
#22 {main}
REQUEST_URI=/index.php/clients/admin
HTTP_REFERER=http://avto/index.php/clients/create
---
2014/01/23 15:05:10 [error] [exception.CException] exception 'CException' with message 'Свойство "dataProvider" не может быть пустым.' in /home/across/proj/avto/www/yii/framework/zii/widgets/CBaseListView.php:109
Stack trace:
#0 /home/across/proj/avto/www/yii/framework/zii/widgets/grid/CGridView.php(339): CBaseListView->init()
#1 /home/across/proj/avto/www/yii/framework/web/CBaseController.php(147): CGridView->init()
#2 /home/across/proj/avto/www/yii/framework/web/CBaseController.php(172): CBaseController->createWidget('zii.widgets.gri...', Array)
#3 /home/across/proj/avto/www/yii/protected/views/clients/admin.php(59): CBaseController->widget('zii.widgets.gri...', Array)
#4 /home/across/proj/avto/www/yii/framework/web/CBaseController.php(126): require('/home/across/pr...')
#5 /home/across/proj/avto/www/yii/framework/web/CBaseController.php(95): CBaseController->renderInternal('/home/across/pr...', Array, true)
#6 /home/across/proj/avto/www/yii/framework/web/CController.php(869): CBaseController->renderFile('/home/across/pr...', Array, true)
#7 /home/across/proj/avto/www/yii/framework/web/CController.php(782): CController->renderPartial('admin', Array, true)
#8 /home/across/proj/avto/www/yii/protected/controllers/ClientsController.php(143): CController->render('admin', Array)
#9 /home/across/proj/avto/www/yii/framework/web/actions/CInlineAction.php(49): ClientsController->actionAdmin()
#10 /home/across/proj/avto/www/yii/framework/web/CController.php(308): CInlineAction->runWithParams(Array)
#11 /home/across/proj/avto/www/yii/framework/web/filters/CFilterChain.php(133): CController->runAction(Object(CInlineAction))
#12 /home/across/proj/avto/www/yii/framework/web/filters/CFilter.php(40): CFilterChain->run()
#13 /home/across/proj/avto/www/yii/framework/web/CController.php(1145): CFilter->filter(Object(CFilterChain))
#14 /home/across/proj/avto/www/yii/framework/web/filters/CInlineFilter.php(58): CController->filterAccessControl(Object(CFilterChain))
#15 /home/across/proj/avto/www/yii/framework/web/filters/CFilterChain.php(130): CInlineFilter->filter(Object(CFilterChain))
#16 /home/across/proj/avto/www/yii/framework/web/CController.php(291): CFilterChain->run()
#17 /home/across/proj/avto/www/yii/framework/web/CController.php(265): CController->runActionWithFilters(Object(CInlineAction), Array)
#18 /home/across/proj/avto/www/yii/framework/web/CWebApplication.php(282): CController->run('admin')
#19 /home/across/proj/avto/www/yii/framework/web/CWebApplication.php(141): CWebApplication->runController('clients/admin')
#20 /home/across/proj/avto/www/yii/framework/base/CApplication.php(180): CWebApplication->processRequest()
#21 /home/across/proj/avto/www/yii/index.php(13): CApplication->run()
#22 {main}
REQUEST_URI=/index.php/clients/admin
HTTP_REFERER=http://avto/index.php/clients/create
---
2014/01/23 15:06:05 [error] [php] Illegal offset type in isset or empty (/home/across/proj/avto/www/yii/framework/YiiBase.php:265)
Stack trace:
#0 /home/across/proj/avto/www/yii/framework/web/CBaseController.php(172): ClientsController->createWidget()
#1 /home/across/proj/avto/www/yii/protected/views/clients/admin.php(60): ClientsController->widget()
#2 /home/across/proj/avto/www/yii/framework/web/CBaseController.php(126): require()
#3 /home/across/proj/avto/www/yii/framework/web/CBaseController.php(95): ClientsController->renderInternal()
#4 /home/across/proj/avto/www/yii/framework/web/CController.php(869): ClientsController->renderFile()
#5 /home/across/proj/avto/www/yii/framework/web/CController.php(782): ClientsController->renderPartial()
#6 /home/across/proj/avto/www/yii/protected/controllers/ClientsController.php(143): ClientsController->render()
#7 /home/across/proj/avto/www/yii/framework/web/actions/CInlineAction.php(49): ClientsController->actionAdmin()
#8 /home/across/proj/avto/www/yii/framework/web/CController.php(308): CInlineAction->runWithParams()
#9 /home/across/proj/avto/www/yii/framework/web/filters/CFilterChain.php(133): ClientsController->runAction()
#10 /home/across/proj/avto/www/yii/framework/web/filters/CFilter.php(40): CFilterChain->run()
#11 /home/across/proj/avto/www/yii/framework/web/CController.php(1145): CAccessControlFilter->filter()
#12 /home/across/proj/avto/www/yii/framework/web/filters/CInlineFilter.php(58): ClientsController->filterAccessControl()
#13 /home/across/proj/avto/www/yii/framework/web/filters/CFilterChain.php(130): CInlineFilter->filter()
#14 /home/across/proj/avto/www/yii/framework/web/CController.php(291): CFilterChain->run()
#15 /home/across/proj/avto/www/yii/framework/web/CController.php(265): ClientsController->runActionWithFilters()
#16 /home/across/proj/avto/www/yii/framework/web/CWebApplication.php(282): ClientsController->run()
#17 /home/across/proj/avto/www/yii/framework/web/CWebApplication.php(141): CWebApplication->runController()
#18 /home/across/proj/avto/www/yii/framework/base/CApplication.php(180): CWebApplication->processRequest()
#19 /home/across/proj/avto/www/yii/index.php(13): CWebApplication->run()
REQUEST_URI=/index.php/clients/admin
in /home/across/proj/avto/www/yii/protected/views/clients/admin.php (60)
in /home/across/proj/avto/www/yii/protected/controllers/ClientsController.php (143)
in /home/across/proj/avto/www/yii/index.php (13)
2014/01/23 15:06:14 [error] [php] Illegal offset type in isset or empty (/home/across/proj/avto/www/yii/framework/YiiBase.php:265)
Stack trace:
#0 /home/across/proj/avto/www/yii/framework/web/CBaseController.php(172): ClientsController->createWidget()
#1 /home/across/proj/avto/www/yii/protected/views/clients/admin.php(60): ClientsController->widget()
#2 /home/across/proj/avto/www/yii/framework/web/CBaseController.php(126): require()
#3 /home/across/proj/avto/www/yii/framework/web/CBaseController.php(95): ClientsController->renderInternal()
#4 /home/across/proj/avto/www/yii/framework/web/CController.php(869): ClientsController->renderFile()
#5 /home/across/proj/avto/www/yii/framework/web/CController.php(782): ClientsController->renderPartial()
#6 /home/across/proj/avto/www/yii/protected/controllers/ClientsController.php(143): ClientsController->render()
#7 /home/across/proj/avto/www/yii/framework/web/actions/CInlineAction.php(49): ClientsController->actionAdmin()
#8 /home/across/proj/avto/www/yii/framework/web/CController.php(308): CInlineAction->runWithParams()
#9 /home/across/proj/avto/www/yii/framework/web/filters/CFilterChain.php(133): ClientsController->runAction()
#10 /home/across/proj/avto/www/yii/framework/web/filters/CFilter.php(40): CFilterChain->run()
#11 /home/across/proj/avto/www/yii/framework/web/CController.php(1145): CAccessControlFilter->filter()
#12 /home/across/proj/avto/www/yii/framework/web/filters/CInlineFilter.php(58): ClientsController->filterAccessControl()
#13 /home/across/proj/avto/www/yii/framework/web/filters/CFilterChain.php(130): CInlineFilter->filter()
#14 /home/across/proj/avto/www/yii/framework/web/CController.php(291): CFilterChain->run()
#15 /home/across/proj/avto/www/yii/framework/web/CController.php(265): ClientsController->runActionWithFilters()
#16 /home/across/proj/avto/www/yii/framework/web/CWebApplication.php(282): ClientsController->run()
#17 /home/across/proj/avto/www/yii/framework/web/CWebApplication.php(141): CWebApplication->runController()
#18 /home/across/proj/avto/www/yii/framework/base/CApplication.php(180): CWebApplication->processRequest()
#19 /home/across/proj/avto/www/yii/index.php(13): CWebApplication->run()
REQUEST_URI=/index.php/clients/admin
in /home/across/proj/avto/www/yii/protected/views/clients/admin.php (60)
in /home/across/proj/avto/www/yii/protected/controllers/ClientsController.php (143)
in /home/across/proj/avto/www/yii/index.php (13)
2014/01/23 15:12:43 [error] [php] include(Site.php): failed to open stream: No such file or directory (/home/across/proj/avto/www/yii/framework/YiiBase.php:427)
Stack trace:
#0 /home/across/proj/avto/www/yii/protected/views/clients/admin.php(44): spl_autoload_call()
#1 /home/across/proj/avto/www/yii/framework/web/CBaseController.php(126): require()
#2 /home/across/proj/avto/www/yii/framework/web/CBaseController.php(95): ClientsController->renderInternal()
#3 /home/across/proj/avto/www/yii/framework/web/CController.php(869): ClientsController->renderFile()
#4 /home/across/proj/avto/www/yii/framework/web/CController.php(782): ClientsController->renderPartial()
#5 /home/across/proj/avto/www/yii/protected/controllers/ClientsController.php(143): ClientsController->render()
#6 /home/across/proj/avto/www/yii/framework/web/actions/CInlineAction.php(49): ClientsController->actionAdmin()
#7 /home/across/proj/avto/www/yii/framework/web/CController.php(308): CInlineAction->runWithParams()
#8 /home/across/proj/avto/www/yii/framework/web/filters/CFilterChain.php(133): ClientsController->runAction()
#9 /home/across/proj/avto/www/yii/framework/web/filters/CFilter.php(40): CFilterChain->run()
#10 /home/across/proj/avto/www/yii/framework/web/CController.php(1145): CAccessControlFilter->filter()
#11 /home/across/proj/avto/www/yii/framework/web/filters/CInlineFilter.php(58): ClientsController->filterAccessControl()
#12 /home/across/proj/avto/www/yii/framework/web/filters/CFilterChain.php(130): CInlineFilter->filter()
#13 /home/across/proj/avto/www/yii/framework/web/CController.php(291): CFilterChain->run()
#14 /home/across/proj/avto/www/yii/framework/web/CController.php(265): ClientsController->runActionWithFilters()
#15 /home/across/proj/avto/www/yii/framework/web/CWebApplication.php(282): ClientsController->run()
#16 /home/across/proj/avto/www/yii/framework/web/CWebApplication.php(141): CWebApplication->runController()
#17 /home/across/proj/avto/www/yii/framework/base/CApplication.php(180): CWebApplication->processRequest()
#18 /home/across/proj/avto/www/yii/index.php(13): CWebApplication->run()
REQUEST_URI=/index.php/clients/admin
in /home/across/proj/avto/www/yii/protected/views/clients/admin.php (44)
in /home/across/proj/avto/www/yii/protected/controllers/ClientsController.php (143)
in /home/across/proj/avto/www/yii/index.php (13)
2014/01/23 15:13:03 [error] [exception.CException] exception 'CException' with message 'Свойство "dataProvider" не может быть пустым.' in /home/across/proj/avto/www/yii/framework/zii/widgets/CBaseListView.php:109
Stack trace:
#0 /home/across/proj/avto/www/yii/framework/zii/widgets/grid/CGridView.php(339): CBaseListView->init()
#1 /home/across/proj/avto/www/yii/framework/web/CBaseController.php(147): CGridView->init()
#2 /home/across/proj/avto/www/yii/framework/web/CBaseController.php(172): CBaseController->createWidget('zii.widgets.gri...', Array)
#3 /home/across/proj/avto/www/yii/protected/views/clients/admin.php(60): CBaseController->widget('zii.widgets.gri...', Array)
#4 /home/across/proj/avto/www/yii/framework/web/CBaseController.php(126): require('/home/across/pr...')
#5 /home/across/proj/avto/www/yii/framework/web/CBaseController.php(95): CBaseController->renderInternal('/home/across/pr...', Array, true)
#6 /home/across/proj/avto/www/yii/framework/web/CController.php(869): CBaseController->renderFile('/home/across/pr...', Array, true)
#7 /home/across/proj/avto/www/yii/framework/web/CController.php(782): CController->renderPartial('admin', Array, true)
#8 /home/across/proj/avto/www/yii/protected/controllers/ClientsController.php(143): CController->render('admin', Array)
#9 /home/across/proj/avto/www/yii/framework/web/actions/CInlineAction.php(49): ClientsController->actionAdmin()
#10 /home/across/proj/avto/www/yii/framework/web/CController.php(308): CInlineAction->runWithParams(Array)
#11 /home/across/proj/avto/www/yii/framework/web/filters/CFilterChain.php(133): CController->runAction(Object(CInlineAction))
#12 /home/across/proj/avto/www/yii/framework/web/filters/CFilter.php(40): CFilterChain->run()
#13 /home/across/proj/avto/www/yii/framework/web/CController.php(1145): CFilter->filter(Object(CFilterChain))
#14 /home/across/proj/avto/www/yii/framework/web/filters/CInlineFilter.php(58): CController->filterAccessControl(Object(CFilterChain))
#15 /home/across/proj/avto/www/yii/framework/web/filters/CFilterChain.php(130): CInlineFilter->filter(Object(CFilterChain))
#16 /home/across/proj/avto/www/yii/framework/web/CController.php(291): CFilterChain->run()
#17 /home/across/proj/avto/www/yii/framework/web/CController.php(265): CController->runActionWithFilters(Object(CInlineAction), Array)
#18 /home/across/proj/avto/www/yii/framework/web/CWebApplication.php(282): CController->run('admin')
#19 /home/across/proj/avto/www/yii/framework/web/CWebApplication.php(141): CWebApplication->runController('clients/admin')
#20 /home/across/proj/avto/www/yii/framework/base/CApplication.php(180): CWebApplication->processRequest()
#21 /home/across/proj/avto/www/yii/index.php(13): CApplication->run()
#22 {main}
REQUEST_URI=/index.php/clients/admin
HTTP_REFERER=http://avto/index.php/clients/create
---
2014/01/23 15:14:17 [error] [exception.CException] exception 'CException' with message 'Свойство "dataProvider" не может быть пустым.' in /home/across/proj/avto/www/yii/framework/zii/widgets/CBaseListView.php:109
Stack trace:
#0 /home/across/proj/avto/www/yii/framework/zii/widgets/grid/CGridView.php(339): CBaseListView->init()
#1 /home/across/proj/avto/www/yii/framework/web/CBaseController.php(147): CGridView->init()
#2 /home/across/proj/avto/www/yii/framework/web/CBaseController.php(172): CBaseController->createWidget('zii.widgets.gri...', Array)
#3 /home/across/proj/avto/www/yii/protected/views/clients/admin.php(60): CBaseController->widget('zii.widgets.gri...', Array)
#4 /home/across/proj/avto/www/yii/framework/web/CBaseController.php(126): require('/home/across/pr...')
#5 /home/across/proj/avto/www/yii/framework/web/CBaseController.php(95): CBaseController->renderInternal('/home/across/pr...', Array, true)
#6 /home/across/proj/avto/www/yii/framework/web/CController.php(869): CBaseController->renderFile('/home/across/pr...', Array, true)
#7 /home/across/proj/avto/www/yii/framework/web/CController.php(782): CController->renderPartial('admin', Array, true)
#8 /home/across/proj/avto/www/yii/protected/controllers/ClientsController.php(143): CController->render('admin', Array)
#9 /home/across/proj/avto/www/yii/framework/web/actions/CInlineAction.php(49): ClientsController->actionAdmin()
#10 /home/across/proj/avto/www/yii/framework/web/CController.php(308): CInlineAction->runWithParams(Array)
#11 /home/across/proj/avto/www/yii/framework/web/filters/CFilterChain.php(133): CController->runAction(Object(CInlineAction))
#12 /home/across/proj/avto/www/yii/framework/web/filters/CFilter.php(40): CFilterChain->run()
#13 /home/across/proj/avto/www/yii/framework/web/CController.php(1145): CFilter->filter(Object(CFilterChain))
#14 /home/across/proj/avto/www/yii/framework/web/filters/CInlineFilter.php(58): CController->filterAccessControl(Object(CFilterChain))
#15 /home/across/proj/avto/www/yii/framework/web/filters/CFilterChain.php(130): CInlineFilter->filter(Object(CFilterChain))
#16 /home/across/proj/avto/www/yii/framework/web/CController.php(291): CFilterChain->run()
#17 /home/across/proj/avto/www/yii/framework/web/CController.php(265): CController->runActionWithFilters(Object(CInlineAction), Array)
#18 /home/across/proj/avto/www/yii/framework/web/CWebApplication.php(282): CController->run('admin')
#19 /home/across/proj/avto/www/yii/framework/web/CWebApplication.php(141): CWebApplication->runController('clients/admin')
#20 /home/across/proj/avto/www/yii/framework/base/CApplication.php(180): CWebApplication->processRequest()
#21 /home/across/proj/avto/www/yii/index.php(13): CApplication->run()
#22 {main}
REQUEST_URI=/index.php/clients/admin
HTTP_REFERER=http://avto/index.php/clients/create
---
